# JRE version: Java(TM) SE Runtime Environment (21.0.7+8) (build 21.0.7+8-LTS-245)
# Java VM: Java HotSpot(TM) 64-Bit Server VM (21.0.7+8-LTS-245, mixed mode, emulated-client, sharing, tiered, compressed oops, compressed class ptrs, g1 gc, windows-amd64)
GC Precious Log:
 CardTable entry size: 512
 Card Set container configuration: InlinePtr #cards 5 size 8 Array Of Cards #cards 12 size 40 Howl #buckets 4 coarsen threshold 1843 Howl Bitmap #cards 512 size 80 coarsen threshold 460 Card regions per heap region 1 cards per card region 2048
 CPUs: 4 total, 4 available
 Memory: 6030M
 Large Page Support: Disabled
 NUMA Support: Disabled
 Compressed Oops: Enabled (32-bit)
 Heap Region Size: 1M
 Heap Min Capacity: 8M
 Heap Initial Capacity: 96M
 Heap Max Capacity: 1508M
 Pre-touch: Disabled
 Parallel Workers: 4
 Concurrent Workers: 1
 Concurrent Refinement Workers: 4
 Periodic GC: Disabled
Heap:
 garbage-first heap   total 110592K, used 60849K [0x00000000a1c00000, 0x0000000100000000)
  region size 1024K, 18 young (18432K), 3 survivors (3072K)
 Metaspace       used 83332K, committed 83968K, reserved 1179648K
  class space    used 11861K, committed 12160K, reserved 1048576K
GC Heap History (20 events):
Event: 17.882 GC heap after
{Heap after GC invocations=26 (full 0):
 garbage-first heap   total 110592K, used 46505K [0x00000000a1c00000, 0x0000000100000000)
  region size 1024K, 6 young (6144K), 6 survivors (6144K)
 Metaspace       used 72409K, committed 73152K, reserved 1114112K
  class space    used 10353K, committed 10688K, reserved 1048576K
}
Event: 18.717 GC heap before
{Heap before GC invocations=26 (full 0):
 garbage-first heap   total 110592K, used 97705K [0x00000000a1c00000, 0x0000000100000000)
  region size 1024K, 56 young (57344K), 6 survivors (6144K)
 Metaspace       used 73150K, committed 73920K, reserved 1114112K
  class space    used 10403K, committed 10752K, reserved 1048576K
}
Event: 18.737 GC heap after
{Heap after GC invocations=27 (full 0):
 garbage-first heap   total 110592K, used 49098K [0x00000000a1c00000, 0x0000000100000000)
  region size 1024K, 6 young (6144K), 6 survivors (6144K)
 Metaspace       used 73150K, committed 73920K, reserved 1114112K
  class space    used 10403K, committed 10752K, reserved 1048576K
}
Event: 20.266 GC heap before
{Heap before GC invocations=27 (full 0):
 garbage-first heap   total 110592K, used 97226K [0x00000000a1c00000, 0x0000000100000000)
  region size 1024K, 53 young (54272K), 6 survivors (6144K)
 Metaspace       used 76552K, committed 77312K, reserved 1179648K
  class space    used 10901K, committed 11200K, reserved 1048576K
}
Event: 20.279 GC heap after
{Heap after GC invocations=28 (full 0):
 garbage-first heap   total 110592K, used 52822K [0x00000000a1c00000, 0x0000000100000000)
  region size 1024K, 6 young (6144K), 6 survivors (6144K)
 Metaspace       used 76552K, committed 77312K, reserved 1179648K
  class space    used 10901K, committed 11200K, reserved 1048576K
}
Event: 89.858 GC heap before
{Heap before GC invocations=28 (full 0):
 garbage-first heap   total 110592K, used 97878K [0x00000000a1c00000, 0x0000000100000000)
  region size 1024K, 50 young (51200K), 6 survivors (6144K)
 Metaspace       used 79784K, committed 80640K, reserved 1179648K
  class space    used 11378K, committed 11776K, reserved 1048576K
}
Event: 89.909 GC heap after
{Heap after GC invocations=29 (full 0):
 garbage-first heap   total 110592K, used 54101K [0x00000000a1c00000, 0x0000000100000000)
  region size 1024K, 5 young (5120K), 5 survivors (5120K)
 Metaspace       used 79784K, committed 80640K, reserved 1179648K
  class space    used 11378K, committed 11776K, reserved 1048576K
}
Event: 204.400 GC heap before
{Heap before GC invocations=30 (full 0):
 garbage-first heap   total 110592K, used 98133K [0x00000000a1c00000, 0x0000000100000000)
  region size 1024K, 49 young (50176K), 5 survivors (5120K)
 Metaspace       used 83018K, committed 83648K, reserved 1179648K
  class space    used 11797K, committed 12096K, reserved 1048576K
}
Event: 204.443 GC heap after
{Heap after GC invocations=31 (full 0):
 garbage-first heap   total 110592K, used 54272K [0x00000000a1c00000, 0x0000000100000000)
  region size 1024K, 3 young (3072K), 3 survivors (3072K)
 Metaspace       used 83018K, committed 83648K, reserved 1179648K
  class space    used 11797K, committed 12096K, reserved 1048576K
}
Event: 389.944 GC heap before
{Heap before GC invocations=31 (full 0):
 garbage-first heap   total 110592K, used 101376K [0x00000000a1c00000, 0x0000000100000000)
  region size 1024K, 49 young (50176K), 3 survivors (3072K)
 Metaspace       used 83018K, committed 83648K, reserved 1179648K
  class space    used 11797K, committed 12096K, reserved 1048576K
}
Event: 390.133 GC heap after
{Heap after GC invocations=32 (full 0):
 garbage-first heap   total 110592K, used 47257K [0x00000000a1c00000, 0x0000000100000000)
  region size 1024K, 3 young (3072K), 3 survivors (3072K)
 Metaspace       used 83018K, committed 83648K, reserved 1179648K
  class space    used 11797K, committed 12096K, reserved 1048576K
}
Event: 602.382 GC heap before
{Heap before GC invocations=32 (full 0):
 garbage-first heap   total 110592K, used 100505K [0x00000000a1c00000, 0x0000000100000000)
  region size 1024K, 55 young (56320K), 3 survivors (3072K)
 Metaspace       used 83018K, committed 83648K, reserved 1179648K
  class space    used 11797K, committed 12096K, reserved 1048576K
}
Event: 602.446 GC heap after
{Heap after GC invocations=33 (full 0):
 garbage-first heap   total 110592K, used 47301K [0x00000000a1c00000, 0x0000000100000000)
  region size 1024K, 3 young (3072K), 3 survivors (3072K)
 Metaspace       used 83018K, committed 83648K, reserved 1179648K
  class space    used 11797K, committed 12096K, reserved 1048576K
}
Event: 793.720 GC heap before
{Heap before GC invocations=34 (full 0):
 garbage-first heap   total 110592K, used 100549K [0x00000000a1c00000, 0x0000000100000000)
  region size 1024K, 55 young (56320K), 3 survivors (3072K)
 Metaspace       used 83176K, committed 83776K, reserved 1179648K
  class space    used 11825K, committed 12096K, reserved 1048576K
}
Event: 793.964 GC heap after
{Heap after GC invocations=35 (full 0):
 garbage-first heap   total 110592K, used 48074K [0x00000000a1c00000, 0x0000000100000000)
  region size 1024K, 4 young (4096K), 4 survivors (4096K)
 Metaspace       used 83176K, committed 83776K, reserved 1179648K
  class space    used 11825K, committed 12096K, reserved 1048576K
}
Event: 984.666 GC heap before
{Heap before GC invocations=35 (full 0):
 garbage-first heap   total 110592K, used 99274K [0x00000000a1c00000, 0x0000000100000000)
  region size 1024K, 54 young (55296K), 4 survivors (4096K)
 Metaspace       used 83201K, committed 83776K, reserved 1179648K
  class space    used 11830K, committed 12096K, reserved 1048576K
}
Event: 984.776 GC heap after
{Heap after GC invocations=36 (full 0):
 garbage-first heap   total 110592K, used 46290K [0x00000000a1c00000, 0x0000000100000000)
  region size 1024K, 3 young (3072K), 3 survivors (3072K)
 Metaspace       used 83201K, committed 83776K, reserved 1179648K
  class space    used 11830K, committed 12096K, reserved 1048576K
}
Event: 1192.609 GC heap before
{Heap before GC invocations=36 (full 0):
 garbage-first heap   total 110592K, used 100562K [0x00000000a1c00000, 0x0000000100000000)
  region size 1024K, 56 young (57344K), 3 survivors (3072K)
 Metaspace       used 83201K, committed 83776K, reserved 1179648K
  class space    used 11830K, committed 12096K, reserved 1048576K
}
Event: 1192.757 GC heap after
{Heap after GC invocations=37 (full 0):
 garbage-first heap   total 110592K, used 46513K [0x00000000a1c00000, 0x0000000100000000)
  region size 1024K, 3 young (3072K), 3 survivors (3072K)
 Metaspace       used 83201K, committed 83776K, reserved 1179648K
  class space    used 11830K, committed 12096K, reserved 1048576K
}
Event: 1237.715 GC heap before
{Heap before GC invocations=38 (full 0):
 garbage-first heap   total 110592K, used 60849K [0x00000000a1c00000, 0x0000000100000000)
  region size 1024K, 18 young (18432K), 3 survivors (3072K)
 Metaspace       used 83332K, committed 83968K, reserved 1179648K
  class space    used 11861K, committed 12160K, reserved 1048576K
}

