# JRE version: Java(TM) SE Runtime Environment (21.0.7+8) (build 21.0.7+8-LTS-245)
# Java VM: Java HotSpot(TM) 64-Bit Server VM (21.0.7+8-LTS-245, mixed mode, emulated-client, sharing, tiered, compressed oops, compressed class ptrs, g1 gc, windows-amd64)
GC Precious Log:
 CardTable entry size: 512
 Card Set container configuration: InlinePtr #cards 5 size 8 Array Of Cards #cards 12 size 40 Howl #buckets 4 coarsen threshold 1843 Howl Bitmap #cards 512 size 80 coarsen threshold 460 Card regions per heap region 1 cards per card region 2048
 CPUs: 4 total, 4 available
 Memory: 6030M
 Large Page Support: Disabled
 NUMA Support: Disabled
 Compressed Oops: Enabled (32-bit)
 Heap Region Size: 1M
 Heap Min Capacity: 8M
 Heap Initial Capacity: 96M
 Heap Max Capacity: 1508M
 Pre-touch: Disabled
 Parallel Workers: 4
 Concurrent Workers: 1
 Concurrent Refinement Workers: 4
 Periodic GC: Disabled
Heap:
 garbage-first heap   total 98304K, used 45615K [0x00000000a1c00000, 0x0000000100000000)
  region size 1024K, 1 young (1024K), 1 survivors (1024K)
 Metaspace       used 82025K, committed 82944K, reserved 1179648K
  class space    used 11658K, committed 12032K, reserved 1048576K
GC Heap History (20 events):
Event: 56.353 GC heap after
{Heap after GC invocations=34 (full 0):
 garbage-first heap   total 86016K, used 47798K [0x00000000a1c00000, 0x0000000100000000)
  region size 1024K, 4 young (4096K), 4 survivors (4096K)
 Metaspace       used 75404K, committed 76096K, reserved 1114112K
  class space    used 10724K, committed 11008K, reserved 1048576K
}
Event: 57.824 GC heap before
{Heap before GC invocations=35 (full 0):
 garbage-first heap   total 86016K, used 76470K [0x00000000a1c00000, 0x0000000100000000)
  region size 1024K, 32 young (32768K), 4 survivors (4096K)
 Metaspace       used 77721K, committed 78400K, reserved 1179648K
  class space    used 11084K, committed 11392K, reserved 1048576K
}
Event: 57.834 GC heap after
{Heap after GC invocations=36 (full 0):
 garbage-first heap   total 86016K, used 50112K [0x00000000a1c00000, 0x0000000100000000)
  region size 1024K, 3 young (3072K), 3 survivors (3072K)
 Metaspace       used 77721K, committed 78400K, reserved 1179648K
  class space    used 11084K, committed 11392K, reserved 1048576K
}
Event: 86.304 GC heap before
{Heap before GC invocations=36 (full 0):
 garbage-first heap   total 86016K, used 75712K [0x00000000a1c00000, 0x0000000100000000)
  region size 1024K, 29 young (29696K), 3 survivors (3072K)
 Metaspace       used 81820K, committed 82496K, reserved 1179648K
  class space    used 11663K, committed 11968K, reserved 1048576K
}
Event: 86.316 GC heap after
{Heap after GC invocations=37 (full 0):
 garbage-first heap   total 86016K, used 50978K [0x00000000a1c00000, 0x0000000100000000)
  region size 1024K, 2 young (2048K), 2 survivors (2048K)
 Metaspace       used 81820K, committed 82496K, reserved 1179648K
  class space    used 11663K, committed 11968K, reserved 1048576K
}
Event: 175.904 GC heap before
{Heap before GC invocations=37 (full 0):
 garbage-first heap   total 86016K, used 77602K [0x00000000a1c00000, 0x0000000100000000)
  region size 1024K, 28 young (28672K), 2 survivors (2048K)
 Metaspace       used 82225K, committed 82944K, reserved 1179648K
  class space    used 11712K, committed 12032K, reserved 1048576K
}
Event: 176.403 GC heap after
{Heap after GC invocations=38 (full 0):
 garbage-first heap   total 86016K, used 51039K [0x00000000a1c00000, 0x0000000100000000)
  region size 1024K, 2 young (2048K), 2 survivors (2048K)
 Metaspace       used 82225K, committed 82944K, reserved 1179648K
  class space    used 11712K, committed 12032K, reserved 1048576K
}
Event: 184.889 GC heap before
{Heap before GC invocations=39 (full 0):
 garbage-first heap   total 89088K, used 53087K [0x00000000a1c00000, 0x0000000100000000)
  region size 1024K, 4 young (4096K), 2 survivors (2048K)
 Metaspace       used 82029K, committed 82944K, reserved 1179648K
  class space    used 11660K, committed 12032K, reserved 1048576K
}
Event: 184.894 GC heap after
{Heap after GC invocations=40 (full 0):
 garbage-first heap   total 89088K, used 51059K [0x00000000a1c00000, 0x0000000100000000)
  region size 1024K, 1 young (1024K), 1 survivors (1024K)
 Metaspace       used 82029K, committed 82944K, reserved 1179648K
  class space    used 11660K, committed 12032K, reserved 1048576K
}
Event: 302.103 GC heap before
{Heap before GC invocations=40 (full 0):
 garbage-first heap   total 89088K, used 81779K [0x00000000a1c00000, 0x0000000100000000)
  region size 1024K, 31 young (31744K), 1 survivors (1024K)
 Metaspace       used 82029K, committed 82944K, reserved 1179648K
  class space    used 11660K, committed 12032K, reserved 1048576K
}
Event: 302.413 GC heap after
{Heap after GC invocations=41 (full 0):
 garbage-first heap   total 89088K, used 47028K [0x00000000a1c00000, 0x0000000100000000)
  region size 1024K, 1 young (1024K), 1 survivors (1024K)
 Metaspace       used 82029K, committed 82944K, reserved 1179648K
  class space    used 11660K, committed 12032K, reserved 1048576K
}
Event: 440.257 GC heap before
{Heap before GC invocations=41 (full 0):
 garbage-first heap   total 89088K, used 81844K [0x00000000a1c00000, 0x0000000100000000)
  region size 1024K, 35 young (35840K), 1 survivors (1024K)
 Metaspace       used 82032K, committed 82944K, reserved 1179648K
  class space    used 11661K, committed 12032K, reserved 1048576K
}
Event: 440.409 GC heap after
{Heap after GC invocations=42 (full 0):
 garbage-first heap   total 89088K, used 45727K [0x00000000a1c00000, 0x0000000100000000)
  region size 1024K, 1 young (1024K), 1 survivors (1024K)
 Metaspace       used 82032K, committed 82944K, reserved 1179648K
  class space    used 11661K, committed 12032K, reserved 1048576K
}
Event: 578.023 GC heap before
{Heap before GC invocations=42 (full 0):
 garbage-first heap   total 89088K, used 81567K [0x00000000a1c00000, 0x0000000100000000)
  region size 1024K, 36 young (36864K), 1 survivors (1024K)
 Metaspace       used 82032K, committed 82944K, reserved 1179648K
  class space    used 11661K, committed 12032K, reserved 1048576K
}
Event: 579.866 GC heap after
{Heap after GC invocations=43 (full 0):
 garbage-first heap   total 89088K, used 45721K [0x00000000a1c00000, 0x0000000100000000)
  region size 1024K, 1 young (1024K), 1 survivors (1024K)
 Metaspace       used 82032K, committed 82944K, reserved 1179648K
  class space    used 11661K, committed 12032K, reserved 1048576K
}
Event: 595.719 GC heap before
{Heap before GC invocations=44 (full 0):
 garbage-first heap   total 89088K, used 48793K [0x00000000a1c00000, 0x0000000100000000)
  region size 1024K, 4 young (4096K), 1 survivors (1024K)
 Metaspace       used 82014K, committed 82944K, reserved 1179648K
  class space    used 11656K, committed 12032K, reserved 1048576K
}
Event: 595.787 GC heap after
{Heap after GC invocations=45 (full 0):
 garbage-first heap   total 89088K, used 45755K [0x00000000a1c00000, 0x0000000100000000)
  region size 1024K, 1 young (1024K), 1 survivors (1024K)
 Metaspace       used 82014K, committed 82944K, reserved 1179648K
  class space    used 11656K, committed 12032K, reserved 1048576K
}
Event: 733.347 GC heap before
{Heap before GC invocations=45 (full 0):
 garbage-first heap   total 89088K, used 81595K [0x00000000a1c00000, 0x0000000100000000)
  region size 1024K, 36 young (36864K), 1 survivors (1024K)
 Metaspace       used 82025K, committed 82944K, reserved 1179648K
  class space    used 11658K, committed 12032K, reserved 1048576K
}
Event: 734.271 GC heap after
{Heap after GC invocations=46 (full 0):
 garbage-first heap   total 89088K, used 45912K [0x00000000a1c00000, 0x0000000100000000)
  region size 1024K, 1 young (1024K), 1 survivors (1024K)
 Metaspace       used 82025K, committed 82944K, reserved 1179648K
  class space    used 11658K, committed 12032K, reserved 1048576K
}
Event: 747.307 GC heap before
{Heap before GC invocations=46 (full 0):
 garbage-first heap   total 89088K, used 48984K [0x00000000a1c00000, 0x0000000100000000)
  region size 1024K, 4 young (4096K), 1 survivors (1024K)
 Metaspace       used 82025K, committed 82944K, reserved 1179648K
  class space    used 11658K, committed 12032K, reserved 1048576K
}

